# JRE version: OpenJDK Runtime Environment Temurin-17.0.8.1+1 (17.0.8.1+1) (build 17.0.8.1+1)
# Java VM: OpenJDK 64-Bit Server VM Temurin-17.0.8.1+1 (17.0.8.1+1, mixed mode, emulated-client, tiered, compressed oops, compressed class ptrs, g1 gc, windows-amd64)
GC Precious Log:
 CPUs: 12 total, 12 available
 Memory: 7824M
 Large Page Support: Disabled
 NUMA Support: Disabled
 Compressed Oops: Enabled (32-bit)
 Heap Region Size: 1M
 Heap Min Capacity: 8M
 Heap Initial Capacity: 124M
 Heap Max Capacity: 1958M
 Pre-touch: Disabled
 Parallel Workers: 10
 Concurrent Workers: 3
 Concurrent Refinement Workers: 10
 Periodic GC: Disabled
Heap:
 garbage-first heap   total 236544K, used 95185K [0x0000000085a00000, 0x0000000100000000)
  region size 1024K, 1 young (1024K), 1 survivors (1024K)
 Metaspace       used 101479K, committed 102208K, reserved 1179648K
  class space    used 13420K, committed 13760K, reserved 1048576K
GC Heap History (20 events):
Event: 56462.519 GC heap after
{Heap after GC invocations=124 (full 2):
 garbage-first heap   total 191488K, used 76801K [0x0000000085a00000, 0x0000000100000000)
  region size 1024K, 7 young (7168K), 7 survivors (7168K)
 Metaspace       used 96243K, committed 96896K, reserved 1179648K
  class space    used 12946K, committed 13248K, reserved 1048576K
}
Event: 56462.740 GC heap before
{Heap before GC invocations=125 (full 2):
 garbage-first heap   total 191488K, used 156673K [0x0000000085a00000, 0x0000000100000000)
  region size 1024K, 85 young (87040K), 7 survivors (7168K)
 Metaspace       used 96666K, committed 97344K, reserved 1179648K
  class space    used 12971K, committed 13312K, reserved 1048576K
}
Event: 56462.746 GC heap after
{Heap after GC invocations=126 (full 2):
 garbage-first heap   total 191488K, used 79064K [0x0000000085a00000, 0x0000000100000000)
  region size 1024K, 9 young (9216K), 9 survivors (9216K)
 Metaspace       used 96666K, committed 97344K, reserved 1179648K
  class space    used 12971K, committed 13312K, reserved 1048576K
}
Event: 56506.048 GC heap before
{Heap before GC invocations=126 (full 2):
 garbage-first heap   total 191488K, used 156888K [0x0000000085a00000, 0x0000000100000000)
  region size 1024K, 86 young (88064K), 9 survivors (9216K)
 Metaspace       used 97210K, committed 97920K, reserved 1179648K
  class space    used 13040K, committed 13376K, reserved 1048576K
}
Event: 56506.102 GC heap after
{Heap after GC invocations=127 (full 2):
 garbage-first heap   total 191488K, used 82688K [0x0000000085a00000, 0x0000000100000000)
  region size 1024K, 9 young (9216K), 9 survivors (9216K)
 Metaspace       used 97210K, committed 97920K, reserved 1179648K
  class space    used 13040K, committed 13376K, reserved 1048576K
}
Event: 56507.564 GC heap before
{Heap before GC invocations=128 (full 2):
 garbage-first heap   total 191488K, used 156416K [0x0000000085a00000, 0x0000000100000000)
  region size 1024K, 82 young (83968K), 9 survivors (9216K)
 Metaspace       used 98611K, committed 99328K, reserved 1179648K
  class space    used 13166K, committed 13504K, reserved 1048576K
}
Event: 56507.581 GC heap after
{Heap after GC invocations=129 (full 2):
 garbage-first heap   total 191488K, used 87219K [0x0000000085a00000, 0x0000000100000000)
  region size 1024K, 9 young (9216K), 9 survivors (9216K)
 Metaspace       used 98611K, committed 99328K, reserved 1179648K
  class space    used 13166K, committed 13504K, reserved 1048576K
}
Event: 56507.591 GC heap before
{Heap before GC invocations=129 (full 2):
 garbage-first heap   total 191488K, used 89267K [0x0000000085a00000, 0x0000000100000000)
  region size 1024K, 10 young (10240K), 9 survivors (9216K)
 Metaspace       used 98611K, committed 99328K, reserved 1179648K
  class space    used 13166K, committed 13504K, reserved 1048576K
}
Event: 56507.606 GC heap after
{Heap after GC invocations=130 (full 2):
 garbage-first heap   total 236544K, used 88013K [0x0000000085a00000, 0x0000000100000000)
  region size 1024K, 2 young (2048K), 2 survivors (2048K)
 Metaspace       used 98611K, committed 99328K, reserved 1179648K
  class space    used 13166K, committed 13504K, reserved 1048576K
}
Event: 56548.170 GC heap before
{Heap before GC invocations=130 (full 2):
 garbage-first heap   total 236544K, used 191437K [0x0000000085a00000, 0x0000000100000000)
  region size 1024K, 103 young (105472K), 2 survivors (2048K)
 Metaspace       used 99129K, committed 99904K, reserved 1179648K
  class space    used 13236K, committed 13632K, reserved 1048576K
}
Event: 56548.193 GC heap after
{Heap after GC invocations=131 (full 2):
 garbage-first heap   total 236544K, used 91349K [0x0000000085a00000, 0x0000000100000000)
  region size 1024K, 5 young (5120K), 5 survivors (5120K)
 Metaspace       used 99129K, committed 99904K, reserved 1179648K
  class space    used 13236K, committed 13632K, reserved 1048576K
}
Event: 56558.132 GC heap before
{Heap before GC invocations=132 (full 2):
 garbage-first heap   total 236544K, used 193749K [0x0000000085a00000, 0x0000000100000000)
  region size 1024K, 104 young (106496K), 5 survivors (5120K)
 Metaspace       used 100135K, committed 100864K, reserved 1179648K
  class space    used 13301K, committed 13632K, reserved 1048576K
}
Event: 56558.147 GC heap after
{Heap after GC invocations=133 (full 2):
 garbage-first heap   total 236544K, used 97269K [0x0000000085a00000, 0x0000000100000000)
  region size 1024K, 11 young (11264K), 11 survivors (11264K)
 Metaspace       used 100135K, committed 100864K, reserved 1179648K
  class space    used 13301K, committed 13632K, reserved 1048576K
}
Event: 56558.149 GC heap before
{Heap before GC invocations=133 (full 2):
 garbage-first heap   total 236544K, used 98293K [0x0000000085a00000, 0x0000000100000000)
  region size 1024K, 12 young (12288K), 11 survivors (11264K)
 Metaspace       used 100135K, committed 100864K, reserved 1179648K
  class space    used 13301K, committed 13632K, reserved 1048576K
}
Event: 56558.225 GC heap after
{Heap after GC invocations=134 (full 2):
 garbage-first heap   total 236544K, used 94812K [0x0000000085a00000, 0x0000000100000000)
  region size 1024K, 1 young (1024K), 1 survivors (1024K)
 Metaspace       used 100135K, committed 100864K, reserved 1179648K
  class space    used 13301K, committed 13632K, reserved 1048576K
}
Event: 56558.451 GC heap before
{Heap before GC invocations=134 (full 2):
 garbage-first heap   total 236544K, used 192092K [0x0000000085a00000, 0x0000000100000000)
  region size 1024K, 96 young (98304K), 1 survivors (1024K)
 Metaspace       used 100794K, committed 101504K, reserved 1179648K
  class space    used 13376K, committed 13696K, reserved 1048576K
}
Event: 56558.453 GC heap after
{Heap after GC invocations=135 (full 2):
 garbage-first heap   total 236544K, used 95592K [0x0000000085a00000, 0x0000000100000000)
  region size 1024K, 2 young (2048K), 2 survivors (2048K)
 Metaspace       used 100794K, committed 101504K, reserved 1179648K
  class space    used 13376K, committed 13696K, reserved 1048576K
}
Event: 56558.806 GC heap before
{Heap before GC invocations=136 (full 2):
 garbage-first heap   total 236544K, used 191848K [0x0000000085a00000, 0x0000000100000000)
  region size 1024K, 99 young (101376K), 2 survivors (2048K)
 Metaspace       used 101479K, committed 102208K, reserved 1179648K
  class space    used 13420K, committed 13760K, reserved 1048576K
}
Event: 56558.814 GC heap after
{Heap after GC invocations=137 (full 2):
 garbage-first heap   total 236544K, used 97743K [0x0000000085a00000, 0x0000000100000000)
  region size 1024K, 7 young (7168K), 7 survivors (7168K)
 Metaspace       used 101479K, committed 102208K, reserved 1179648K
  class space    used 13420K, committed 13760K, reserved 1048576K
}
Event: 56558.819 GC heap before
{Heap before GC invocations=137 (full 2):
 garbage-first heap   total 236544K, used 101839K [0x0000000085a00000, 0x0000000100000000)
  region size 1024K, 11 young (11264K), 7 survivors (7168K)
 Metaspace       used 101479K, committed 102208K, reserved 1179648K
  class space    used 13420K, committed 13760K, reserved 1048576K
}

